<?xml version="1.0" encoding="UTF-8"?>
<testng-results ignored="0" total="1" passed="0" failed="1" skipped="0">
  <reporter-output>
  </reporter-output>
  <suite started-at="2022-12-26T11:28:32 IST" name="Suite" finished-at="2022-12-26T11:28:49 IST" duration-ms="16605">
    <groups>
    </groups>
    <test started-at="2022-12-26T11:28:32 IST" name="Test" finished-at="2022-12-26T11:28:49 IST" duration-ms="16605">
      <class name="com.urbanladder.testCases.BookshelvesTest">
        <test-method is-config="true" signature="setUp(java.lang.String)[pri:0, instance:com.urbanladder.testCases.BookshelvesTest@4b741d6d]" started-at="2022-12-26T11:28:33 IST" name="setUp" finished-at="2022-12-26T11:28:38 IST" duration-ms="5407" status="PASS">
          <params>
            <param index="0">
              <value>
                <![CDATA[chrome]]>
              </value>
            </param>
          </params>
          <reporter-output>
          </reporter-output>
        </test-method> <!-- setUp -->
        <test-method signature="TC01_GetBookShelvesBelow15999()[pri:0, instance:com.urbanladder.testCases.BookshelvesTest@4b741d6d]" started-at="2022-12-26T11:28:38 IST" name="TC01_GetBookShelvesBelow15999" finished-at="2022-12-26T11:28:47 IST" duration-ms="8561" status="FAIL">
          <exception class="java.lang.AssertionError">
            <message>
              <![CDATA[expected [Get Upto 50% off on Bookshelves Online in India | Shop Now - Urban Ladder] but found [Upto 70% Off on Bookshelves this Christmas | Very Merry Sale - Urban Ladder]]]>
            </message>
            <full-stacktrace>
              <![CDATA[java.lang.AssertionError: expected [Get Upto 50% off on Bookshelves Online in India | Shop Now - Urban Ladder] but found [Upto 70% Off on Bookshelves this Christmas | Very Merry Sale - Urban Ladder]
at org.testng.Assert.fail(Assert.java:110)
at org.testng.Assert.failNotEquals(Assert.java:1413)
at org.testng.Assert.assertEqualsImpl(Assert.java:149)
at org.testng.Assert.assertEquals(Assert.java:131)
at org.testng.Assert.assertEquals(Assert.java:655)
at org.testng.Assert.assertEquals(Assert.java:665)
at com.urbanladder.testCases.BookshelvesTest.TC01_GetBookShelvesBelow15999(BookshelvesTest.java:57)
at java.base/jdk.internal.reflect.NativeMethodAccessorImpl.invoke0(Native Method)
at java.base/jdk.internal.reflect.NativeMethodAccessorImpl.invoke(NativeMethodAccessorImpl.java:77)
at java.base/jdk.internal.reflect.DelegatingMethodAccessorImpl.invoke(DelegatingMethodAccessorImpl.java:43)
at java.base/java.lang.reflect.Method.invoke(Method.java:568)
at org.testng.internal.invokers.MethodInvocationHelper.invokeMethod(MethodInvocationHelper.java:139)
at org.testng.internal.invokers.TestInvoker.invokeMethod(TestInvoker.java:677)
at org.testng.internal.invokers.TestInvoker.invokeTestMethod(TestInvoker.java:221)
at org.testng.internal.invokers.MethodRunner.runInSequence(MethodRunner.java:50)
at org.testng.internal.invokers.TestInvoker$MethodInvocationAgent.invoke(TestInvoker.java:962)
at org.testng.internal.invokers.TestInvoker.invokeTestMethods(TestInvoker.java:194)
at org.testng.internal.invokers.TestMethodWorker.invokeTestMethods(TestMethodWorker.java:148)
at org.testng.internal.invokers.TestMethodWorker.run(TestMethodWorker.java:128)
at java.base/java.util.ArrayList.forEach(ArrayList.java:1511)
at org.testng.TestRunner.privateRun(TestRunner.java:806)
at org.testng.TestRunner.run(TestRunner.java:601)
at org.testng.SuiteRunner.runTest(SuiteRunner.java:433)
at org.testng.SuiteRunner.runSequentially(SuiteRunner.java:427)
at org.testng.SuiteRunner.privateRun(SuiteRunner.java:387)
at org.testng.SuiteRunner.run(SuiteRunner.java:330)
at org.testng.SuiteRunnerWorker.runSuite(SuiteRunnerWorker.java:52)
at org.testng.SuiteRunnerWorker.run(SuiteRunnerWorker.java:95)
at org.testng.TestNG.runSuitesSequentially(TestNG.java:1256)
at org.testng.TestNG.runSuitesLocally(TestNG.java:1176)
at org.testng.TestNG.runSuites(TestNG.java:1099)
at org.testng.TestNG.run(TestNG.java:1067)
at org.testng.remote.AbstractRemoteTestNG.run(AbstractRemoteTestNG.java:115)
at org.testng.remote.RemoteTestNG.initAndRun(RemoteTestNG.java:251)
at org.testng.remote.RemoteTestNG.main(RemoteTestNG.java:77)
]]>
            </full-stacktrace>
          </exception> <!-- java.lang.AssertionError -->
          <reporter-output>
          </reporter-output>
        </test-method> <!-- TC01_GetBookShelvesBelow15999 -->
        <test-method is-config="true" signature="tearDown()[pri:0, instance:com.urbanladder.testCases.BookshelvesTest@4b741d6d]" started-at="2022-12-26T11:28:48 IST" name="tearDown" finished-at="2022-12-26T11:28:49 IST" duration-ms="587" status="PASS">
          <reporter-output>
          </reporter-output>
        </test-method> <!-- tearDown -->
      </class> <!-- com.urbanladder.testCases.BookshelvesTest -->
    </test> <!-- Test -->
  </suite> <!-- Suite -->
</testng-results>
