<?xml version="1.0" encoding="UTF-8"?>
<!-- Generated by org.testng.reporters.JUnitXMLReporter -->
<testsuite ignored="0" hostname="DESKTOP-S5MMF0I" failures="1" tests="1" name="Test" time="16.605" errors="0" timestamp="2022-12-26T11:28:50 IST">
  <testcase classname="com.urbanladder.testCases.BookshelvesTest" name="TC01_GetBookShelvesBelow15999" time="8.561">
    <failure type="java.lang.AssertionError" message="expected [Get Upto 50% off on Bookshelves Online in India | Shop Now - Urban Ladder] but found [Upto 70% Off on Bookshelves this Christmas | Very Merry Sale - Urban Ladder]">
      <![CDATA[java.lang.AssertionError: expected [Get Upto 50% off on Bookshelves Online in India | Shop Now - Urban Ladder] but found [Upto 70% Off on Bookshelves this Christmas | Very Merry Sale - Urban Ladder]
at com.urbanladder.testCases.BookshelvesTest.TC01_GetBookShelvesBelow15999(BookshelvesTest.java:57)
at java.base/java.util.ArrayList.forEach(ArrayList.java:1511)
... Removed 33 stack frames]]>
    </failure>
  </testcase> <!-- TC01_GetBookShelvesBelow15999 -->
</testsuite> <!-- Test -->
